<?xml version="1.0" encoding="UTF-8"?>
<!-- Generated by org.testng.reporters.JUnitXMLReporter -->
<testsuite hostname="win7-PC" ignored="0" name="Save" tests="2" failures="1" timestamp="03 Jun 2018 11:09:44 GMT" time="0.077" errors="0">
  <testcase name="test" time="0.006" classname="Config.Save"/>
  <testcase name="testfailure" time="0.002" classname="Config.Save">
    <failure type="java.lang.AssertionError" message="expected [Google.com] but found [Yahoo.com]">
      <![CDATA[java.lang.AssertionError: expected [Google.com] but found [Yahoo.com]at Config.Save.testfailure(Save.java:22)... Removed 32 stack frames]]>
    </failure>
  </testcase> <!-- testfailure -->
</testsuite> <!-- Save -->
