<?xml version="1.0" encoding="UTF-8"?>
<!-- Generated by org.testng.reporters.JUnitXMLReporter -->
<testsuite hostname="win7-PC" ignored="0" name="Select" tests="1" failures="1" timestamp="03 Jun 2018 11:09:44 GMT" time="0.031" errors="0">
  <testcase name="selectBrowser" time="0.0" classname="Config.SelectBrowser">
    <failure type="org.testng.TestNGException" message="
Data Provider public int Config.SelectBrowser.getValue() must return either Object[][] or Object[] or Iterator&amp;lt;Object[]&amp;gt; or Iterator&amp;lt;Object&amp;gt;, not int">
      <![CDATA[org.testng.TestNGException: Data Provider public int Config.SelectBrowser.getValue() must return either Object[][] or Object[] or Iterator<Object[]> or Iterator<Object>, not int... Removed 23 stack frames]]>
    </failure>
  </testcase> <!-- selectBrowser -->
</testsuite> <!-- Select -->
