<?xml version="1.0" encoding="UTF-8"?>
<!-- Generated by org.testng.reporters.JUnitXMLReporter -->
<testsuite hostname="win7-PC" ignored="0" name="Assert" tests="3" failures="2" timestamp="03 Jun 2018 11:09:43 GMT" time="0.192" errors="0">
  <testcase name="testSkipCondition" time="0.004" classname="Pages.Page2">
    <skipped/>
  </testcase> <!-- testSkipCondition -->
  <testcase name="zest" time="0.023" classname="Pages.Page2">
    <failure type="java.lang.AssertionError" message="FORCEFULLY FAILED">
      <![CDATA[java.lang.AssertionError: FORCEFULLY FAILEDat Pages.Page2.zest(Page2.java:27)... Removed 27 stack frames]]>
    </failure>
  </testcase> <!-- zest -->
  <testcase name="validateTitleTest" time="0.085" classname="Pages.Page2">
    <failure type="java.lang.AssertionError" message="expected [google.com] but found [gmail.com]">
      <![CDATA[java.lang.AssertionError: expected [google.com] but found [gmail.com]at Pages.Page2.validateTitleTest(Page2.java:20)... Removed 27 stack frames]]>
    </failure>
  </testcase> <!-- validateTitleTest -->
</testsuite> <!-- Assert -->
