<?xml version="1.0" encoding="UTF-8"?>
<!-- Generated by org.testng.reporters.JUnitXMLReporter -->
<testsuite hostname="win7-PC" ignored="3" tests="0" failures="0" timestamp="03 Jun 2018 11:09:43 GMT" time="0.002" errors="0">
  <testcase name="childMethod" time="0.0" classname="Pages.Page3">
    <ignored/>
  </testcase> <!-- childMethod -->
  <testcase name="superParentMethod" time="0.0" classname="Pages.Page3">
    <ignored/>
  </testcase> <!-- superParentMethod -->
  <testcase name="parentMethod" time="0.0" classname="Pages.Page3">
    <ignored/>
  </testcase> <!-- parentMethod -->
</testsuite>
