<?xml version="1.0" encoding="UTF-8"?>
<testng-results skipped="0" failed="0" total="0" passed="0">
  <reporter-output>
  </reporter-output>
  <suite name="utility.TestConfig" duration-ms="51" started-at="2018-06-03T11:13:03Z" finished-at="2018-06-03T11:13:03Z">
    <groups>
    </groups>
    <test name="Command line test" duration-ms="51" started-at="2018-06-03T11:13:03Z" finished-at="2018-06-03T11:13:03Z">
    </test> <!-- Command line test -->
  </suite> <!-- utility.TestConfig -->
</testng-results>
